# JRE version: OpenJDK Runtime Environment (8.0_212-b04) (build 1.8.0_212-release-1586-b04)
# Java VM: OpenJDK 64-Bit Server VM (25.212-b04 mixed mode windows-amd64 compressed oops)
Heap:
 PSYoungGen      total 209408K, used 156302K [0x00000000e0000000, 0x00000000efb00000, 0x0000000100000000)
  eden space 191488K, 81% used [0x00000000e0000000,0x00000000e98a3818,0x00000000ebb00000)
  from space 17920K, 0% used [0x00000000ecc80000,0x00000000ecc80000,0x00000000ede00000)
  to   space 17920K, 0% used [0x00000000ebb00000,0x00000000ebb00000,0x00000000ecc80000)
 ParOldGen       total 150016K, used 32978K [0x00000000a0000000, 0x00000000a9280000, 0x00000000e0000000)
  object space 150016K, 21% used [0x00000000a0000000,0x00000000a2034998,0x00000000a9280000)
 Metaspace       used 66071K, capacity 68776K, committed 68952K, reserved 1107968K
  class space    used 8942K, capacity 9546K, committed 9600K, reserved 1048576K
GC Heap History (10 events):
Event: 6.413 GC heap before
{Heap before GC invocations=9 (full 2):
 PSYoungGen      total 119808K, used 9663K [0x00000000e0000000, 0x00000000ec480000, 0x0000000100000000)
  eden space 107520K, 0% used [0x00000000e0000000,0x00000000e0000000,0x00000000e6900000)
  from space 12288K, 78% used [0x00000000e6900000,0x00000000e726fe88,0x00000000e7500000)
  to   space 12288K, 0% used [0x00000000eb880000,0x00000000eb880000,0x00000000ec480000)
 ParOldGen       total 95232K, used 7995K [0x00000000a0000000, 0x00000000a5d00000, 0x00000000e0000000)
  object space 95232K, 8% used [0x00000000a0000000,0x00000000a07cee60,0x00000000a5d00000)
 Metaspace       used 34540K, capacity 35378K, committed 35456K, reserved 1079296K
  class space    used 4729K, capacity 4960K, committed 4992K, reserved 1048576K
Event: 6.479 GC heap after
Heap after GC invocations=9 (full 2):
 PSYoungGen      total 119808K, used 0K [0x00000000e0000000, 0x00000000ec480000, 0x0000000100000000)
  eden space 107520K, 0% used [0x00000000e0000000,0x00000000e0000000,0x00000000e6900000)
  from space 12288K, 0% used [0x00000000e6900000,0x00000000e6900000,0x00000000e7500000)
  to   space 12288K, 0% used [0x00000000eb880000,0x00000000eb880000,0x00000000ec480000)
 ParOldGen       total 150016K, used 16578K [0x00000000a0000000, 0x00000000a9280000, 0x00000000e0000000)
  object space 150016K, 11% used [0x00000000a0000000,0x00000000a1030a70,0x00000000a9280000)
 Metaspace       used 34540K, capacity 35378K, committed 35456K, reserved 1079296K
  class space    used 4729K, capacity 4960K, committed 4992K, reserved 1048576K
}
Event: 8.185 GC heap before
{Heap before GC invocations=10 (full 2):
 PSYoungGen      total 119808K, used 107520K [0x00000000e0000000, 0x00000000ec480000, 0x0000000100000000)
  eden space 107520K, 100% used [0x00000000e0000000,0x00000000e6900000,0x00000000e6900000)
  from space 12288K, 0% used [0x00000000e6900000,0x00000000e6900000,0x00000000e7500000)
  to   space 12288K, 0% used [0x00000000eb880000,0x00000000eb880000,0x00000000ec480000)
 ParOldGen       total 150016K, used 16578K [0x00000000a0000000, 0x00000000a9280000, 0x00000000e0000000)
  object space 150016K, 11% used [0x00000000a0000000,0x00000000a1030a70,0x00000000a9280000)
 Metaspace       used 44147K, capacity 45470K, committed 45824K, reserved 1089536K
  class space    used 5950K, capacity 6287K, committed 6400K, reserved 1048576K
Event: 8.201 GC heap after
Heap after GC invocations=10 (full 2):
 PSYoungGen      total 166400K, used 12284K [0x00000000e0000000, 0x00000000ec480000, 0x0000000100000000)
  eden space 154112K, 0% used [0x00000000e0000000,0x00000000e0000000,0x00000000e9680000)
  from space 12288K, 99% used [0x00000000eb880000,0x00000000ec47f3a0,0x00000000ec480000)
  to   space 14336K, 0% used [0x00000000ea880000,0x00000000ea880000,0x00000000eb680000)
 ParOldGen       total 150016K, used 18411K [0x00000000a0000000, 0x00000000a9280000, 0x00000000e0000000)
  object space 150016K, 12% used [0x00000000a0000000,0x00000000a11fad30,0x00000000a9280000)
 Metaspace       used 44147K, capacity 45470K, committed 45824K, reserved 1089536K
  class space    used 5950K, capacity 6287K, committed 6400K, reserved 1048576K
}
Event: 10.379 GC heap before
{Heap before GC invocations=11 (full 2):
 PSYoungGen      total 166400K, used 166396K [0x00000000e0000000, 0x00000000ec480000, 0x0000000100000000)
  eden space 154112K, 100% used [0x00000000e0000000,0x00000000e9680000,0x00000000e9680000)
  from space 12288K, 99% used [0x00000000eb880000,0x00000000ec47f3a0,0x00000000ec480000)
  to   space 14336K, 0% used [0x00000000ea880000,0x00000000ea880000,0x00000000eb680000)
 ParOldGen       total 150016K, used 18411K [0x00000000a0000000, 0x00000000a9280000, 0x00000000e0000000)
  object space 150016K, 12% used [0x00000000a0000000,0x00000000a11fad30,0x00000000a9280000)
 Metaspace       used 53705K, capacity 55296K, committed 55552K, reserved 1097728K
  class space    used 7173K, capacity 7604K, committed 7680K, reserved 1048576K
Event: 10.395 GC heap after
Heap after GC invocations=11 (full 2):
 PSYoungGen      total 186880K, used 14333K [0x00000000e0000000, 0x00000000ede00000, 0x0000000100000000)
  eden space 172544K, 0% used [0x00000000e0000000,0x00000000e0000000,0x00000000ea880000)
  from space 14336K, 99% used [0x00000000ea880000,0x00000000eb67f7b0,0x00000000eb680000)
  to   space 17920K, 0% used [0x00000000ecc80000,0x00000000ecc80000,0x00000000ede00000)
 ParOldGen       total 150016K, used 24638K [0x00000000a0000000, 0x00000000a9280000, 0x00000000e0000000)
  object space 150016K, 16% used [0x00000000a0000000,0x00000000a180fb00,0x00000000a9280000)
 Metaspace       used 53705K, capacity 55296K, committed 55552K, reserved 1097728K
  class space    used 7173K, capacity 7604K, committed 7680K, reserved 1048576K
}
Event: 10.936 GC heap before
{Heap before GC invocations=12 (full 2):
 PSYoungGen      total 186880K, used 62133K [0x00000000e0000000, 0x00000000ede00000, 0x0000000100000000)
  eden space 172544K, 27% used [0x00000000e0000000,0x00000000e2eadc50,0x00000000ea880000)
  from space 14336K, 99% used [0x00000000ea880000,0x00000000eb67f7b0,0x00000000eb680000)
  to   space 17920K, 0% used [0x00000000ecc80000,0x00000000ecc80000,0x00000000ede00000)
 ParOldGen       total 150016K, used 24638K [0x00000000a0000000, 0x00000000a9280000, 0x00000000e0000000)
  object space 150016K, 16% used [0x00000000a0000000,0x00000000a180fb00,0x00000000a9280000)
 Metaspace       used 57242K, capacity 59026K, committed 59096K, reserved 1099776K
  class space    used 7678K, capacity 8153K, committed 8192K, reserved 1048576K
Event: 10.951 GC heap after
Heap after GC invocations=12 (full 2):
 PSYoungGen      total 209408K, used 11600K [0x00000000e0000000, 0x00000000efb00000, 0x0000000100000000)
  eden space 191488K, 0% used [0x00000000e0000000,0x00000000e0000000,0x00000000ebb00000)
  from space 17920K, 64% used [0x00000000ecc80000,0x00000000ed7d40e0,0x00000000ede00000)
  to   space 17920K, 0% used [0x00000000ebb00000,0x00000000ebb00000,0x00000000ecc80000)
 ParOldGen       total 150016K, used 32577K [0x00000000a0000000, 0x00000000a9280000, 0x00000000e0000000)
  object space 150016K, 21% used [0x00000000a0000000,0x00000000a1fd05d8,0x00000000a9280000)
 Metaspace       used 57242K, capacity 59026K, committed 59096K, reserved 1099776K
  class space    used 7678K, capacity 8153K, committed 8192K, reserved 1048576K
}
Event: 10.951 GC heap before
{Heap before GC invocations=13 (full 3):
 PSYoungGen      total 209408K, used 11600K [0x00000000e0000000, 0x00000000efb00000, 0x0000000100000000)
  eden space 191488K, 0% used [0x00000000e0000000,0x00000000e0000000,0x00000000ebb00000)
  from space 17920K, 64% used [0x00000000ecc80000,0x00000000ed7d40e0,0x00000000ede00000)
  to   space 17920K, 0% used [0x00000000ebb00000,0x00000000ebb00000,0x00000000ecc80000)
 ParOldGen       total 150016K, used 32577K [0x00000000a0000000, 0x00000000a9280000, 0x00000000e0000000)
  object space 150016K, 21% used [0x00000000a0000000,0x00000000a1fd05d8,0x00000000a9280000)
 Metaspace       used 57242K, capacity 59026K, committed 59096K, reserved 1099776K
  class space    used 7678K, capacity 8153K, committed 8192K, reserved 1048576K
Event: 11.198 GC heap after
Heap after GC invocations=13 (full 3):
 PSYoungGen      total 209408K, used 0K [0x00000000e0000000, 0x00000000efb00000, 0x0000000100000000)
  eden space 191488K, 0% used [0x00000000e0000000,0x00000000e0000000,0x00000000ebb00000)
  from space 17920K, 0% used [0x00000000ecc80000,0x00000000ecc80000,0x00000000ede00000)
  to   space 17920K, 0% used [0x00000000ebb00000,0x00000000ebb00000,0x00000000ecc80000)
 ParOldGen       total 150016K, used 32978K [0x00000000a0000000, 0x00000000a9280000, 0x00000000e0000000)
  object space 150016K, 21% used [0x00000000a0000000,0x00000000a2034998,0x00000000a9280000)
 Metaspace       used 57209K, capacity 58912K, committed 59096K, reserved 1099776K
  class space    used 7668K, capacity 8134K, committed 8192K, reserved 1048576K
}

