# JRE version: OpenJDK Runtime Environment (8.0_212-b04) (build 1.8.0_212-release-1586-b04)
# Java VM: OpenJDK 64-Bit Server VM (25.212-b04 mixed mode windows-amd64 compressed oops)
Heap:
 PSYoungGen      total 221696K, used 21879K [0x00000000e0000000, 0x00000000ee880000, 0x0000000100000000)
  eden space 209408K, 10% used [0x00000000e0000000,0x00000000e155dc18,0x00000000ecc80000)
  from space 12288K, 0% used [0x00000000edc80000,0x00000000edc80000,0x00000000ee880000)
  to   space 14336K, 0% used [0x00000000ecc80000,0x00000000ecc80000,0x00000000eda80000)
 ParOldGen       total 232448K, used 35162K [0x00000000a0000000, 0x00000000ae300000, 0x00000000e0000000)
  object space 232448K, 15% used [0x00000000a0000000,0x00000000a2256828,0x00000000ae300000)
 Metaspace       used 58518K, capacity 60390K, committed 60632K, reserved 1101824K
  class space    used 7896K, capacity 8347K, committed 8448K, reserved 1048576K
GC Heap History (10 events):
Event: 6.053 GC heap before
{Heap before GC invocations=7 (full 1):
 PSYoungGen      total 140800K, used 77922K [0x00000000e0000000, 0x00000000eeb00000, 0x0000000100000000)
  eden space 130048K, 51% used [0x00000000e0000000,0x00000000e419e720,0x00000000e7f00000)
  from space 10752K, 99% used [0x00000000e7f00000,0x00000000e897a2c0,0x00000000e8980000)
  to   space 14848K, 0% used [0x00000000edc80000,0x00000000edc80000,0x00000000eeb00000)
 ParOldGen       total 97280K, used 9852K [0x00000000a0000000, 0x00000000a5f00000, 0x00000000e0000000)
  object space 97280K, 10% used [0x00000000a0000000,0x00000000a099f130,0x00000000a5f00000)
 Metaspace       used 34557K, capacity 35410K, committed 35456K, reserved 1079296K
  class space    used 4737K, capacity 4992K, committed 4992K, reserved 1048576K
Event: 6.061 GC heap after
Heap after GC invocations=7 (full 1):
 PSYoungGen      total 221696K, used 9903K [0x00000000e0000000, 0x00000000ee880000, 0x0000000100000000)
  eden space 209408K, 0% used [0x00000000e0000000,0x00000000e0000000,0x00000000ecc80000)
  from space 12288K, 80% used [0x00000000edc80000,0x00000000ee62bf80,0x00000000ee880000)
  to   space 14336K, 0% used [0x00000000ecc80000,0x00000000ecc80000,0x00000000eda80000)
 ParOldGen       total 97280K, used 9860K [0x00000000a0000000, 0x00000000a5f00000, 0x00000000e0000000)
  object space 97280K, 10% used [0x00000000a0000000,0x00000000a09a1130,0x00000000a5f00000)
 Metaspace       used 34557K, capacity 35410K, committed 35456K, reserved 1079296K
  class space    used 4737K, capacity 4992K, committed 4992K, reserved 1048576K
}
Event: 6.061 GC heap before
{Heap before GC invocations=8 (full 2):
 PSYoungGen      total 221696K, used 9903K [0x00000000e0000000, 0x00000000ee880000, 0x0000000100000000)
  eden space 209408K, 0% used [0x00000000e0000000,0x00000000e0000000,0x00000000ecc80000)
  from space 12288K, 80% used [0x00000000edc80000,0x00000000ee62bf80,0x00000000ee880000)
  to   space 14336K, 0% used [0x00000000ecc80000,0x00000000ecc80000,0x00000000eda80000)
 ParOldGen       total 97280K, used 9860K [0x00000000a0000000, 0x00000000a5f00000, 0x00000000e0000000)
  object space 97280K, 10% used [0x00000000a0000000,0x00000000a09a1130,0x00000000a5f00000)
 Metaspace       used 34557K, capacity 35410K, committed 35456K, reserved 1079296K
  class space    used 4737K, capacity 4992K, committed 4992K, reserved 1048576K
Event: 6.114 GC heap after
Heap after GC invocations=8 (full 2):
 PSYoungGen      total 221696K, used 0K [0x00000000e0000000, 0x00000000ee880000, 0x0000000100000000)
  eden space 209408K, 0% used [0x00000000e0000000,0x00000000e0000000,0x00000000ecc80000)
  from space 12288K, 0% used [0x00000000edc80000,0x00000000edc80000,0x00000000ee880000)
  to   space 14336K, 0% used [0x00000000ecc80000,0x00000000ecc80000,0x00000000eda80000)
 ParOldGen       total 151552K, used 16824K [0x00000000a0000000, 0x00000000a9400000, 0x00000000e0000000)
  object space 151552K, 11% used [0x00000000a0000000,0x00000000a106e2b8,0x00000000a9400000)
 Metaspace       used 34557K, capacity 35410K, committed 35456K, reserved 1079296K
  class space    used 4737K, capacity 4992K, committed 4992K, reserved 1048576K
}
Event: 9.169 GC heap before
{Heap before GC invocations=9 (full 2):
 PSYoungGen      total 221696K, used 209408K [0x00000000e0000000, 0x00000000ee880000, 0x0000000100000000)
  eden space 209408K, 100% used [0x00000000e0000000,0x00000000ecc80000,0x00000000ecc80000)
  from space 12288K, 0% used [0x00000000edc80000,0x00000000edc80000,0x00000000ee880000)
  to   space 14336K, 0% used [0x00000000ecc80000,0x00000000ecc80000,0x00000000eda80000)
 ParOldGen       total 151552K, used 16824K [0x00000000a0000000, 0x00000000a9400000, 0x00000000e0000000)
  object space 151552K, 11% used [0x00000000a0000000,0x00000000a106e2b8,0x00000000a9400000)
 Metaspace       used 50549K, capacity 52060K, committed 52352K, reserved 1093632K
  class space    used 6800K, capacity 7176K, committed 7296K, reserved 1048576K
Event: 9.187 GC heap after
Heap after GC invocations=9 (full 2):
 PSYoungGen      total 223744K, used 14322K [0x00000000e0000000, 0x00000000ee880000, 0x0000000100000000)
  eden space 209408K, 0% used [0x00000000e0000000,0x00000000e0000000,0x00000000ecc80000)
  from space 14336K, 99% used [0x00000000ecc80000,0x00000000eda7c830,0x00000000eda80000)
  to   space 12288K, 0% used [0x00000000edc80000,0x00000000edc80000,0x00000000ee880000)
 ParOldGen       total 151552K, used 26113K [0x00000000a0000000, 0x00000000a9400000, 0x00000000e0000000)
  object space 151552K, 17% used [0x00000000a0000000,0x00000000a1980438,0x00000000a9400000)
 Metaspace       used 50549K, capacity 52060K, committed 52352K, reserved 1093632K
  class space    used 6800K, capacity 7176K, committed 7296K, reserved 1048576K
}
Event: 10.505 GC heap before
{Heap before GC invocations=10 (full 2):
 PSYoungGen      total 223744K, used 117737K [0x00000000e0000000, 0x00000000ee880000, 0x0000000100000000)
  eden space 209408K, 49% used [0x00000000e0000000,0x00000000e64fdeb8,0x00000000ecc80000)
  from space 14336K, 99% used [0x00000000ecc80000,0x00000000eda7c830,0x00000000eda80000)
  to   space 12288K, 0% used [0x00000000edc80000,0x00000000edc80000,0x00000000ee880000)
 ParOldGen       total 151552K, used 26113K [0x00000000a0000000, 0x00000000a9400000, 0x00000000e0000000)
  object space 151552K, 17% used [0x00000000a0000000,0x00000000a1980438,0x00000000a9400000)
 Metaspace       used 57253K, capacity 59000K, committed 59096K, reserved 1099776K
  class space    used 7680K, capacity 8148K, committed 8192K, reserved 1048576K
Event: 10.521 GC heap after
Heap after GC invocations=10 (full 2):
 PSYoungGen      total 221696K, used 12277K [0x00000000e0000000, 0x00000000ee880000, 0x0000000100000000)
  eden space 209408K, 0% used [0x00000000e0000000,0x00000000e0000000,0x00000000ecc80000)
  from space 12288K, 99% used [0x00000000edc80000,0x00000000ee87d7b0,0x00000000ee880000)
  to   space 14336K, 0% used [0x00000000ecc80000,0x00000000ecc80000,0x00000000eda80000)
 ParOldGen       total 151552K, used 35417K [0x00000000a0000000, 0x00000000a9400000, 0x00000000e0000000)
  object space 151552K, 23% used [0x00000000a0000000,0x00000000a2296420,0x00000000a9400000)
 Metaspace       used 57253K, capacity 59000K, committed 59096K, reserved 1099776K
  class space    used 7680K, capacity 8148K, committed 8192K, reserved 1048576K
}
Event: 10.521 GC heap before
{Heap before GC invocations=11 (full 3):
 PSYoungGen      total 221696K, used 12277K [0x00000000e0000000, 0x00000000ee880000, 0x0000000100000000)
  eden space 209408K, 0% used [0x00000000e0000000,0x00000000e0000000,0x00000000ecc80000)
  from space 12288K, 99% used [0x00000000edc80000,0x00000000ee87d7b0,0x00000000ee880000)
  to   space 14336K, 0% used [0x00000000ecc80000,0x00000000ecc80000,0x00000000eda80000)
 ParOldGen       total 151552K, used 35417K [0x00000000a0000000, 0x00000000a9400000, 0x00000000e0000000)
  object space 151552K, 23% used [0x00000000a0000000,0x00000000a2296420,0x00000000a9400000)
 Metaspace       used 57253K, capacity 59000K, committed 59096K, reserved 1099776K
  class space    used 7680K, capacity 8148K, committed 8192K, reserved 1048576K
Event: 10.759 GC heap after
Heap after GC invocations=11 (full 3):
 PSYoungGen      total 221696K, used 0K [0x00000000e0000000, 0x00000000ee880000, 0x0000000100000000)
  eden space 209408K, 0% used [0x00000000e0000000,0x00000000e0000000,0x00000000ecc80000)
  from space 12288K, 0% used [0x00000000edc80000,0x00000000edc80000,0x00000000ee880000)
  to   space 14336K, 0% used [0x00000000ecc80000,0x00000000ecc80000,0x00000000eda80000)
 ParOldGen       total 232448K, used 35162K [0x00000000a0000000, 0x00000000ae300000, 0x00000000e0000000)
  object space 232448K, 15% used [0x00000000a0000000,0x00000000a2256828,0x00000000ae300000)
 Metaspace       used 57228K, capacity 58916K, committed 59096K, reserved 1099776K
  class space    used 7673K, capacity 8134K, committed 8192K, reserved 1048576K
}

