# JRE version: OpenJDK Runtime Environment (8.0_212-b04) (build 1.8.0_212-release-1586-b04)
# Java VM: OpenJDK 64-Bit Server VM (25.212-b04 mixed mode windows-amd64 compressed oops)
Heap:
 PSYoungGen      total 188416K, used 15895K [0x00000000e0000000, 0x00000000ee800000, 0x0000000100000000)
  eden space 170496K, 9% used [0x00000000e0000000,0x00000000e0f85c08,0x00000000ea680000)
  from space 17920K, 0% used [0x00000000ed680000,0x00000000ed680000,0x00000000ee800000)
  to   space 13824K, 0% used [0x00000000ea680000,0x00000000ea680000,0x00000000eb400000)
 ParOldGen       total 146944K, used 33008K [0x00000000a0000000, 0x00000000a8f80000, 0x00000000e0000000)
  object space 146944K, 22% used [0x00000000a0000000,0x00000000a203c378,0x00000000a8f80000)
 Metaspace       used 58440K, capacity 60230K, committed 60376K, reserved 1101824K
  class space    used 7879K, capacity 8337K, committed 8448K, reserved 1048576K
GC Heap History (10 events):
Event: 6.432 GC heap before
{Heap before GC invocations=9 (full 2):
 PSYoungGen      total 118784K, used 9580K [0x00000000e0000000, 0x00000000ec180000, 0x0000000100000000)
  eden space 106496K, 0% used [0x00000000e0000000,0x00000000e0000000,0x00000000e6800000)
  from space 12288K, 77% used [0x00000000e6800000,0x00000000e715b3b0,0x00000000e7400000)
  to   space 12288K, 0% used [0x00000000eb580000,0x00000000eb580000,0x00000000ec180000)
 ParOldGen       total 96256K, used 8049K [0x00000000a0000000, 0x00000000a5e00000, 0x00000000e0000000)
  object space 96256K, 8% used [0x00000000a0000000,0x00000000a07dc440,0x00000000a5e00000)
 Metaspace       used 34539K, capacity 35378K, committed 35456K, reserved 1079296K
  class space    used 4730K, capacity 4960K, committed 4992K, reserved 1048576K
Event: 6.495 GC heap after
Heap after GC invocations=9 (full 2):
 PSYoungGen      total 118784K, used 0K [0x00000000e0000000, 0x00000000ec180000, 0x0000000100000000)
  eden space 106496K, 0% used [0x00000000e0000000,0x00000000e0000000,0x00000000e6800000)
  from space 12288K, 0% used [0x00000000e6800000,0x00000000e6800000,0x00000000e7400000)
  to   space 12288K, 0% used [0x00000000eb580000,0x00000000eb580000,0x00000000ec180000)
 ParOldGen       total 146944K, used 16512K [0x00000000a0000000, 0x00000000a8f80000, 0x00000000e0000000)
  object space 146944K, 11% used [0x00000000a0000000,0x00000000a1020030,0x00000000a8f80000)
 Metaspace       used 34539K, capacity 35378K, committed 35456K, reserved 1079296K
  class space    used 4730K, capacity 4960K, committed 4992K, reserved 1048576K
}
Event: 8.242 GC heap before
{Heap before GC invocations=10 (full 2):
 PSYoungGen      total 118784K, used 106496K [0x00000000e0000000, 0x00000000ec180000, 0x0000000100000000)
  eden space 106496K, 100% used [0x00000000e0000000,0x00000000e6800000,0x00000000e6800000)
  from space 12288K, 0% used [0x00000000e6800000,0x00000000e6800000,0x00000000e7400000)
  to   space 12288K, 0% used [0x00000000eb580000,0x00000000eb580000,0x00000000ec180000)
 ParOldGen       total 146944K, used 16512K [0x00000000a0000000, 0x00000000a8f80000, 0x00000000e0000000)
  object space 146944K, 11% used [0x00000000a0000000,0x00000000a1020030,0x00000000a8f80000)
 Metaspace       used 43914K, capacity 45230K, committed 45568K, reserved 1089536K
  class space    used 5918K, capacity 6279K, committed 6400K, reserved 1048576K
Event: 8.257 GC heap after
Heap after GC invocations=10 (full 2):
 PSYoungGen      total 171008K, used 12261K [0x00000000e0000000, 0x00000000ec180000, 0x0000000100000000)
  eden space 158720K, 0% used [0x00000000e0000000,0x00000000e0000000,0x00000000e9b00000)
  from space 12288K, 99% used [0x00000000eb580000,0x00000000ec1797e0,0x00000000ec180000)
  to   space 13824K, 0% used [0x00000000ea680000,0x00000000ea680000,0x00000000eb400000)
 ParOldGen       total 146944K, used 18160K [0x00000000a0000000, 0x00000000a8f80000, 0x00000000e0000000)
  object space 146944K, 12% used [0x00000000a0000000,0x00000000a11bc200,0x00000000a8f80000)
 Metaspace       used 43914K, capacity 45230K, committed 45568K, reserved 1089536K
  class space    used 5918K, capacity 6279K, committed 6400K, reserved 1048576K
}
Event: 10.456 GC heap before
{Heap before GC invocations=11 (full 2):
 PSYoungGen      total 171008K, used 170981K [0x00000000e0000000, 0x00000000ec180000, 0x0000000100000000)
  eden space 158720K, 100% used [0x00000000e0000000,0x00000000e9b00000,0x00000000e9b00000)
  from space 12288K, 99% used [0x00000000eb580000,0x00000000ec1797e0,0x00000000ec180000)
  to   space 13824K, 0% used [0x00000000ea680000,0x00000000ea680000,0x00000000eb400000)
 ParOldGen       total 146944K, used 18160K [0x00000000a0000000, 0x00000000a8f80000, 0x00000000e0000000)
  object space 146944K, 12% used [0x00000000a0000000,0x00000000a11bc200,0x00000000a8f80000)
 Metaspace       used 53675K, capacity 55298K, committed 55552K, reserved 1097728K
  class space    used 7167K, capacity 7593K, committed 7680K, reserved 1048576K
Event: 10.472 GC heap after
Heap after GC invocations=11 (full 2):
 PSYoungGen      total 184320K, used 13813K [0x00000000e0000000, 0x00000000ee800000, 0x0000000100000000)
  eden space 170496K, 0% used [0x00000000e0000000,0x00000000e0000000,0x00000000ea680000)
  from space 13824K, 99% used [0x00000000ea680000,0x00000000eb3fd790,0x00000000eb400000)
  to   space 17920K, 0% used [0x00000000ed680000,0x00000000ed680000,0x00000000ee800000)
 ParOldGen       total 146944K, used 25048K [0x00000000a0000000, 0x00000000a8f80000, 0x00000000e0000000)
  object space 146944K, 17% used [0x00000000a0000000,0x00000000a1876198,0x00000000a8f80000)
 Metaspace       used 53675K, capacity 55298K, committed 55552K, reserved 1097728K
  class space    used 7167K, capacity 7593K, committed 7680K, reserved 1048576K
}
Event: 11.007 GC heap before
{Heap before GC invocations=12 (full 2):
 PSYoungGen      total 184320K, used 64270K [0x00000000e0000000, 0x00000000ee800000, 0x0000000100000000)
  eden space 170496K, 29% used [0x00000000e0000000,0x00000000e31462d0,0x00000000ea680000)
  from space 13824K, 99% used [0x00000000ea680000,0x00000000eb3fd790,0x00000000eb400000)
  to   space 17920K, 0% used [0x00000000ed680000,0x00000000ed680000,0x00000000ee800000)
 ParOldGen       total 146944K, used 25048K [0x00000000a0000000, 0x00000000a8f80000, 0x00000000e0000000)
  object space 146944K, 17% used [0x00000000a0000000,0x00000000a1876198,0x00000000a8f80000)
 Metaspace       used 57265K, capacity 58986K, committed 59096K, reserved 1099776K
  class space    used 7679K, capacity 8145K, committed 8192K, reserved 1048576K
Event: 11.022 GC heap after
Heap after GC invocations=12 (full 2):
 PSYoungGen      total 188416K, used 11470K [0x00000000e0000000, 0x00000000ee800000, 0x0000000100000000)
  eden space 170496K, 0% used [0x00000000e0000000,0x00000000e0000000,0x00000000ea680000)
  from space 17920K, 64% used [0x00000000ed680000,0x00000000ee1b3af0,0x00000000ee800000)
  to   space 13824K, 0% used [0x00000000ea680000,0x00000000ea680000,0x00000000eb400000)
 ParOldGen       total 146944K, used 32955K [0x00000000a0000000, 0x00000000a8f80000, 0x00000000e0000000)
  object space 146944K, 22% used [0x00000000a0000000,0x00000000a202ec70,0x00000000a8f80000)
 Metaspace       used 57265K, capacity 58986K, committed 59096K, reserved 1099776K
  class space    used 7679K, capacity 8145K, committed 8192K, reserved 1048576K
}
Event: 11.022 GC heap before
{Heap before GC invocations=13 (full 3):
 PSYoungGen      total 188416K, used 11470K [0x00000000e0000000, 0x00000000ee800000, 0x0000000100000000)
  eden space 170496K, 0% used [0x00000000e0000000,0x00000000e0000000,0x00000000ea680000)
  from space 17920K, 64% used [0x00000000ed680000,0x00000000ee1b3af0,0x00000000ee800000)
  to   space 13824K, 0% used [0x00000000ea680000,0x00000000ea680000,0x00000000eb400000)
 ParOldGen       total 146944K, used 32955K [0x00000000a0000000, 0x00000000a8f80000, 0x00000000e0000000)
  object space 146944K, 22% used [0x00000000a0000000,0x00000000a202ec70,0x00000000a8f80000)
 Metaspace       used 57265K, capacity 58986K, committed 59096K, reserved 1099776K
  class space    used 7679K, capacity 8145K, committed 8192K, reserved 1048576K
Event: 11.270 GC heap after
Heap after GC invocations=13 (full 3):
 PSYoungGen      total 188416K, used 0K [0x00000000e0000000, 0x00000000ee800000, 0x0000000100000000)
  eden space 170496K, 0% used [0x00000000e0000000,0x00000000e0000000,0x00000000ea680000)
  from space 17920K, 0% used [0x00000000ed680000,0x00000000ed680000,0x00000000ee800000)
  to   space 13824K, 0% used [0x00000000ea680000,0x00000000ea680000,0x00000000eb400000)
 ParOldGen       total 146944K, used 33008K [0x00000000a0000000, 0x00000000a8f80000, 0x00000000e0000000)
  object space 146944K, 22% used [0x00000000a0000000,0x00000000a203c378,0x00000000a8f80000)
 Metaspace       used 57245K, capacity 58920K, committed 59096K, reserved 1099776K
  class space    used 7673K, capacity 8134K, committed 8192K, reserved 1048576K
}

