# JRE version: OpenJDK Runtime Environment (8.0_212-b04) (build 1.8.0_212-release-1586-b04)
# Java VM: OpenJDK 64-Bit Server VM (25.212-b04 mixed mode windows-amd64 compressed oops)
Heap:
 PSYoungGen      total 113664K, used 12830K [0x00000000e0000000, 0x00000000eb800000, 0x0000000100000000)
  eden space 101376K, 12% used [0x00000000e0000000,0x00000000e0c878d8,0x00000000e6300000)
  from space 12288K, 0% used [0x00000000e6300000,0x00000000e6300000,0x00000000e6f00000)
  to   space 13312K, 0% used [0x00000000eab00000,0x00000000eab00000,0x00000000eb800000)
 ParOldGen       total 165888K, used 19034K [0x00000000a0000000, 0x00000000aa200000, 0x00000000e0000000)
  object space 165888K, 11% used [0x00000000a0000000,0x00000000a12968d8,0x00000000aa200000)
 Metaspace       used 35218K, capacity 36140K, committed 36392K, reserved 1081344K
  class space    used 4861K, capacity 5117K, committed 5160K, reserved 1048576K
GC Heap History (10 events):
Event: 3.755 GC heap before
{Heap before GC invocations=5 (full 1):
 PSYoungGen      total 75776K, used 8866K [0x00000000e0000000, 0x00000000e9400000, 0x0000000100000000)
  eden space 65024K, 0% used [0x00000000e0000000,0x00000000e0000000,0x00000000e3f80000)
  from space 10752K, 82% used [0x00000000e4a00000,0x00000000e52a8a28,0x00000000e5480000)
  to   space 10752K, 0% used [0x00000000e3f80000,0x00000000e3f80000,0x00000000e4a00000)
 ParOldGen       total 173568K, used 1531K [0x00000000a0000000, 0x00000000aa980000, 0x00000000e0000000)
  object space 173568K, 0% used [0x00000000a0000000,0x00000000a017ed50,0x00000000aa980000)
 Metaspace       used 20714K, capacity 21230K, committed 21296K, reserved 1067008K
  class space    used 2987K, capacity 3142K, committed 3200K, reserved 1048576K
Event: 3.793 GC heap after
Heap after GC invocations=5 (full 1):
 PSYoungGen      total 75776K, used 0K [0x00000000e0000000, 0x00000000e9400000, 0x0000000100000000)
  eden space 65024K, 0% used [0x00000000e0000000,0x00000000e0000000,0x00000000e3f80000)
  from space 10752K, 0% used [0x00000000e4a00000,0x00000000e4a00000,0x00000000e5480000)
  to   space 10752K, 0% used [0x00000000e3f80000,0x00000000e3f80000,0x00000000e4a00000)
 ParOldGen       total 101888K, used 8621K [0x00000000a0000000, 0x00000000a6380000, 0x00000000e0000000)
  object space 101888K, 8% used [0x00000000a0000000,0x00000000a086b6f0,0x00000000a6380000)
 Metaspace       used 20714K, capacity 21230K, committed 21296K, reserved 1067008K
  class space    used 2987K, capacity 3142K, committed 3200K, reserved 1048576K
}
Event: 4.599 GC heap before
{Heap before GC invocations=6 (full 1):
 PSYoungGen      total 75776K, used 65024K [0x00000000e0000000, 0x00000000e9400000, 0x0000000100000000)
  eden space 65024K, 100% used [0x00000000e0000000,0x00000000e3f80000,0x00000000e3f80000)
  from space 10752K, 0% used [0x00000000e4a00000,0x00000000e4a00000,0x00000000e5480000)
  to   space 10752K, 0% used [0x00000000e3f80000,0x00000000e3f80000,0x00000000e4a00000)
 ParOldGen       total 101888K, used 8621K [0x00000000a0000000, 0x00000000a6380000, 0x00000000e0000000)
  object space 101888K, 8% used [0x00000000a0000000,0x00000000a086b6f0,0x00000000a6380000)
 Metaspace       used 28385K, capacity 28944K, committed 29184K, reserved 1075200K
  class space    used 3872K, capacity 4047K, committed 4096K, reserved 1048576K
Event: 4.603 GC heap after
Heap after GC invocations=6 (full 1):
 PSYoungGen      total 75776K, used 7771K [0x00000000e0000000, 0x00000000e7b80000, 0x0000000100000000)
  eden space 65024K, 0% used [0x00000000e0000000,0x00000000e0000000,0x00000000e3f80000)
  from space 10752K, 72% used [0x00000000e3f80000,0x00000000e4716c10,0x00000000e4a00000)
  to   space 12800K, 0% used [0x00000000e6f00000,0x00000000e6f00000,0x00000000e7b80000)
 ParOldGen       total 101888K, used 8629K [0x00000000a0000000, 0x00000000a6380000, 0x00000000e0000000)
  object space 101888K, 8% used [0x00000000a0000000,0x00000000a086d6f0,0x00000000a6380000)
 Metaspace       used 28385K, capacity 28944K, committed 29184K, reserved 1075200K
  class space    used 3872K, capacity 4047K, committed 4096K, reserved 1048576K
}
Event: 5.307 GC heap before
{Heap before GC invocations=7 (full 1):
 PSYoungGen      total 75776K, used 72795K [0x00000000e0000000, 0x00000000e7b80000, 0x0000000100000000)
  eden space 65024K, 100% used [0x00000000e0000000,0x00000000e3f80000,0x00000000e3f80000)
  from space 10752K, 72% used [0x00000000e3f80000,0x00000000e4716c10,0x00000000e4a00000)
  to   space 12800K, 0% used [0x00000000e6f00000,0x00000000e6f00000,0x00000000e7b80000)
 ParOldGen       total 101888K, used 8629K [0x00000000a0000000, 0x00000000a6380000, 0x00000000e0000000)
  object space 101888K, 8% used [0x00000000a0000000,0x00000000a086d6f0,0x00000000a6380000)
 Metaspace       used 32137K, capacity 32930K, committed 33024K, reserved 1077248K
  class space    used 4341K, capacity 4553K, committed 4608K, reserved 1048576K
Event: 5.318 GC heap after
Heap after GC invocations=7 (full 1):
 PSYoungGen      total 114176K, used 8900K [0x00000000e0000000, 0x00000000e7b80000, 0x0000000100000000)
  eden space 101376K, 0% used [0x00000000e0000000,0x00000000e0000000,0x00000000e6300000)
  from space 12800K, 69% used [0x00000000e6f00000,0x00000000e77b1128,0x00000000e7b80000)
  to   space 12288K, 0% used [0x00000000e6300000,0x00000000e6300000,0x00000000e6f00000)
 ParOldGen       total 101888K, used 8637K [0x00000000a0000000, 0x00000000a6380000, 0x00000000e0000000)
  object space 101888K, 8% used [0x00000000a0000000,0x00000000a086f6f0,0x00000000a6380000)
 Metaspace       used 32137K, capacity 32930K, committed 33024K, reserved 1077248K
  class space    used 4341K, capacity 4553K, committed 4608K, reserved 1048576K
}
Event: 5.915 GC heap before
{Heap before GC invocations=8 (full 1):
 PSYoungGen      total 114176K, used 71746K [0x00000000e0000000, 0x00000000e7b80000, 0x0000000100000000)
  eden space 101376K, 61% used [0x00000000e0000000,0x00000000e3d5f8a8,0x00000000e6300000)
  from space 12800K, 69% used [0x00000000e6f00000,0x00000000e77b1128,0x00000000e7b80000)
  to   space 12288K, 0% used [0x00000000e6300000,0x00000000e6300000,0x00000000e6f00000)
 ParOldGen       total 101888K, used 8637K [0x00000000a0000000, 0x00000000a6380000, 0x00000000e0000000)
  object space 101888K, 8% used [0x00000000a0000000,0x00000000a086f6f0,0x00000000a6380000)
 Metaspace       used 34632K, capacity 35474K, committed 35496K, reserved 1079296K
  class space    used 4773K, capacity 5032K, committed 5032K, reserved 1048576K
Event: 5.928 GC heap after
Heap after GC invocations=8 (full 1):
 PSYoungGen      total 113664K, used 11641K [0x00000000e0000000, 0x00000000eb800000, 0x0000000100000000)
  eden space 101376K, 0% used [0x00000000e0000000,0x00000000e0000000,0x00000000e6300000)
  from space 12288K, 94% used [0x00000000e6300000,0x00000000e6e5e430,0x00000000e6f00000)
  to   space 13312K, 0% used [0x00000000eab00000,0x00000000eab00000,0x00000000eb800000)
 ParOldGen       total 101888K, used 8645K [0x00000000a0000000, 0x00000000a6380000, 0x00000000e0000000)
  object space 101888K, 8% used [0x00000000a0000000,0x00000000a08716f0,0x00000000a6380000)
 Metaspace       used 34632K, capacity 35474K, committed 35496K, reserved 1079296K
  class space    used 4773K, capacity 5032K, committed 5032K, reserved 1048576K
}
Event: 5.928 GC heap before
{Heap before GC invocations=9 (full 2):
 PSYoungGen      total 113664K, used 11641K [0x00000000e0000000, 0x00000000eb800000, 0x0000000100000000)
  eden space 101376K, 0% used [0x00000000e0000000,0x00000000e0000000,0x00000000e6300000)
  from space 12288K, 94% used [0x00000000e6300000,0x00000000e6e5e430,0x00000000e6f00000)
  to   space 13312K, 0% used [0x00000000eab00000,0x00000000eab00000,0x00000000eb800000)
 ParOldGen       total 101888K, used 8645K [0x00000000a0000000, 0x00000000a6380000, 0x00000000e0000000)
  object space 101888K, 8% used [0x00000000a0000000,0x00000000a08716f0,0x00000000a6380000)
 Metaspace       used 34632K, capacity 35474K, committed 35496K, reserved 1079296K
  class space    used 4773K, capacity 5032K, committed 5032K, reserved 1048576K
Event: 5.997 GC heap after
Heap after GC invocations=9 (full 2):
 PSYoungGen      total 113664K, used 0K [0x00000000e0000000, 0x00000000eb800000, 0x0000000100000000)
  eden space 101376K, 0% used [0x00000000e0000000,0x00000000e0000000,0x00000000e6300000)
  from space 12288K, 0% used [0x00000000e6300000,0x00000000e6300000,0x00000000e6f00000)
  to   space 13312K, 0% used [0x00000000eab00000,0x00000000eab00000,0x00000000eb800000)
 ParOldGen       total 165888K, used 19034K [0x00000000a0000000, 0x00000000aa200000, 0x00000000e0000000)
  object space 165888K, 11% used [0x00000000a0000000,0x00000000a12968d8,0x00000000aa200000)
 Metaspace       used 34632K, capacity 35474K, committed 35496K, reserved 1079296K
  class space    used 4773K, capacity 5032K, committed 5032K, reserved 1048576K
}

