# JRE version: OpenJDK Runtime Environment (8.0_212-b04) (build 1.8.0_212-release-1586-b04)
# Java VM: OpenJDK 64-Bit Server VM (25.212-b04 mixed mode windows-amd64 compressed oops)
Heap:
 PSYoungGen      total 221696K, used 208807K [0x00000000e0000000, 0x00000000eea00000, 0x0000000100000000)
  eden space 210944K, 98% used [0x00000000e0000000,0x00000000ecbe9fe8,0x00000000ece00000)
  from space 10752K, 0% used [0x00000000edf80000,0x00000000edf80000,0x00000000eea00000)
  to   space 14336K, 0% used [0x00000000ece00000,0x00000000ece00000,0x00000000edc00000)
 ParOldGen       total 145920K, used 16654K [0x00000000a0000000, 0x00000000a8e80000, 0x00000000e0000000)
  object space 145920K, 11% used [0x00000000a0000000,0x00000000a1043b90,0x00000000a8e80000)
 Metaspace       used 52286K, capacity 53732K, committed 53888K, reserved 1095680K
  class space    used 6879K, capacity 7240K, committed 7296K, reserved 1048576K
GC Heap History (10 events):
Event: 3.321 GC heap before
{Heap before GC invocations=4 (full 0):
 PSYoungGen      total 75776K, used 18019K [0x00000000e0000000, 0x00000000e9400000, 0x0000000100000000)
  eden space 65024K, 11% used [0x00000000e0000000,0x00000000e071c560,0x00000000e3f80000)
  from space 10752K, 99% used [0x00000000e3f80000,0x00000000e49fca48,0x00000000e4a00000)
  to   space 10752K, 0% used [0x00000000e8980000,0x00000000e8980000,0x00000000e9400000)
 ParOldGen       total 173568K, used 1329K [0x00000000a0000000, 0x00000000aa980000, 0x00000000e0000000)
  object space 173568K, 0% used [0x00000000a0000000,0x00000000a014c710,0x00000000aa980000)
 Metaspace       used 20661K, capacity 21182K, committed 21296K, reserved 1067008K
  class space    used 2970K, capacity 3133K, committed 3200K, reserved 1048576K
Event: 3.330 GC heap after
Heap after GC invocations=4 (full 0):
 PSYoungGen      total 140800K, used 8125K [0x00000000e0000000, 0x00000000e9400000, 0x0000000100000000)
  eden space 130048K, 0% used [0x00000000e0000000,0x00000000e0000000,0x00000000e7f00000)
  from space 10752K, 75% used [0x00000000e8980000,0x00000000e916f6b0,0x00000000e9400000)
  to   space 10752K, 0% used [0x00000000e7f00000,0x00000000e7f00000,0x00000000e8980000)
 ParOldGen       total 173568K, used 1337K [0x00000000a0000000, 0x00000000aa980000, 0x00000000e0000000)
  object space 173568K, 0% used [0x00000000a0000000,0x00000000a014e710,0x00000000aa980000)
 Metaspace       used 20661K, capacity 21182K, committed 21296K, reserved 1067008K
  class space    used 2970K, capacity 3133K, committed 3200K, reserved 1048576K
}
Event: 3.330 GC heap before
{Heap before GC invocations=5 (full 1):
 PSYoungGen      total 140800K, used 8125K [0x00000000e0000000, 0x00000000e9400000, 0x0000000100000000)
  eden space 130048K, 0% used [0x00000000e0000000,0x00000000e0000000,0x00000000e7f00000)
  from space 10752K, 75% used [0x00000000e8980000,0x00000000e916f6b0,0x00000000e9400000)
  to   space 10752K, 0% used [0x00000000e7f00000,0x00000000e7f00000,0x00000000e8980000)
 ParOldGen       total 173568K, used 1337K [0x00000000a0000000, 0x00000000aa980000, 0x00000000e0000000)
  object space 173568K, 0% used [0x00000000a0000000,0x00000000a014e710,0x00000000aa980000)
 Metaspace       used 20661K, capacity 21182K, committed 21296K, reserved 1067008K
  class space    used 2970K, capacity 3133K, committed 3200K, reserved 1048576K
Event: 3.369 GC heap after
Heap after GC invocations=5 (full 1):
 PSYoungGen      total 140800K, used 0K [0x00000000e0000000, 0x00000000e9400000, 0x0000000100000000)
  eden space 130048K, 0% used [0x00000000e0000000,0x00000000e0000000,0x00000000e7f00000)
  from space 10752K, 0% used [0x00000000e8980000,0x00000000e8980000,0x00000000e9400000)
  to   space 10752K, 0% used [0x00000000e7f00000,0x00000000e7f00000,0x00000000e8980000)
 ParOldGen       total 94720K, used 7948K [0x00000000a0000000, 0x00000000a5c80000, 0x00000000e0000000)
  object space 94720K, 8% used [0x00000000a0000000,0x00000000a07c30e0,0x00000000a5c80000)
 Metaspace       used 20661K, capacity 21182K, committed 21296K, reserved 1067008K
  class space    used 2970K, capacity 3133K, committed 3200K, reserved 1048576K
}
Event: 5.188 GC heap before
{Heap before GC invocations=6 (full 1):
 PSYoungGen      total 140800K, used 130048K [0x00000000e0000000, 0x00000000e9400000, 0x0000000100000000)
  eden space 130048K, 100% used [0x00000000e0000000,0x00000000e7f00000,0x00000000e7f00000)
  from space 10752K, 0% used [0x00000000e8980000,0x00000000e8980000,0x00000000e9400000)
  to   space 10752K, 0% used [0x00000000e7f00000,0x00000000e7f00000,0x00000000e8980000)
 ParOldGen       total 94720K, used 7948K [0x00000000a0000000, 0x00000000a5c80000, 0x00000000e0000000)
  object space 94720K, 8% used [0x00000000a0000000,0x00000000a07c30e0,0x00000000a5c80000)
 Metaspace       used 31680K, capacity 32408K, committed 32768K, reserved 1077248K
  class space    used 4328K, capacity 4563K, committed 4608K, reserved 1048576K
Event: 5.198 GC heap after
Heap after GC invocations=6 (full 1):
 PSYoungGen      total 140800K, used 10733K [0x00000000e0000000, 0x00000000eee00000, 0x0000000100000000)
  eden space 130048K, 0% used [0x00000000e0000000,0x00000000e0000000,0x00000000e7f00000)
  from space 10752K, 99% used [0x00000000e7f00000,0x00000000e897b7b8,0x00000000e8980000)
  to   space 14848K, 0% used [0x00000000edf80000,0x00000000edf80000,0x00000000eee00000)
 ParOldGen       total 94720K, used 9969K [0x00000000a0000000, 0x00000000a5c80000, 0x00000000e0000000)
  object space 94720K, 10% used [0x00000000a0000000,0x00000000a09bc620,0x00000000a5c80000)
 Metaspace       used 31680K, capacity 32408K, committed 32768K, reserved 1077248K
  class space    used 4328K, capacity 4563K, committed 4608K, reserved 1048576K
}
Event: 6.109 GC heap before
{Heap before GC invocations=7 (full 1):
 PSYoungGen      total 140800K, used 72036K [0x00000000e0000000, 0x00000000eee00000, 0x0000000100000000)
  eden space 130048K, 47% used [0x00000000e0000000,0x00000000e3bdd8a0,0x00000000e7f00000)
  from space 10752K, 99% used [0x00000000e7f00000,0x00000000e897b7b8,0x00000000e8980000)
  to   space 14848K, 0% used [0x00000000edf80000,0x00000000edf80000,0x00000000eee00000)
 ParOldGen       total 94720K, used 9969K [0x00000000a0000000, 0x00000000a5c80000, 0x00000000e0000000)
  object space 94720K, 10% used [0x00000000a0000000,0x00000000a09bc620,0x00000000a5c80000)
 Metaspace       used 34533K, capacity 35378K, committed 35456K, reserved 1079296K
  class space    used 4729K, capacity 4960K, committed 4992K, reserved 1048576K
Event: 6.121 GC heap after
Heap after GC invocations=7 (full 1):
 PSYoungGen      total 221696K, used 9730K [0x00000000e0000000, 0x00000000eea00000, 0x0000000100000000)
  eden space 210944K, 0% used [0x00000000e0000000,0x00000000e0000000,0x00000000ece00000)
  from space 10752K, 90% used [0x00000000edf80000,0x00000000ee900878,0x00000000eea00000)
  to   space 14336K, 0% used [0x00000000ece00000,0x00000000ece00000,0x00000000edc00000)
 ParOldGen       total 94720K, used 9977K [0x00000000a0000000, 0x00000000a5c80000, 0x00000000e0000000)
  object space 94720K, 10% used [0x00000000a0000000,0x00000000a09be620,0x00000000a5c80000)
 Metaspace       used 34533K, capacity 35378K, committed 35456K, reserved 1079296K
  class space    used 4729K, capacity 4960K, committed 4992K, reserved 1048576K
}
Event: 6.122 GC heap before
{Heap before GC invocations=8 (full 2):
 PSYoungGen      total 221696K, used 9730K [0x00000000e0000000, 0x00000000eea00000, 0x0000000100000000)
  eden space 210944K, 0% used [0x00000000e0000000,0x00000000e0000000,0x00000000ece00000)
  from space 10752K, 90% used [0x00000000edf80000,0x00000000ee900878,0x00000000eea00000)
  to   space 14336K, 0% used [0x00000000ece00000,0x00000000ece00000,0x00000000edc00000)
 ParOldGen       total 94720K, used 9977K [0x00000000a0000000, 0x00000000a5c80000, 0x00000000e0000000)
  object space 94720K, 10% used [0x00000000a0000000,0x00000000a09be620,0x00000000a5c80000)
 Metaspace       used 34533K, capacity 35378K, committed 35456K, reserved 1079296K
  class space    used 4729K, capacity 4960K, committed 4992K, reserved 1048576K
Event: 6.188 GC heap after
Heap after GC invocations=8 (full 2):
 PSYoungGen      total 221696K, used 0K [0x00000000e0000000, 0x00000000eea00000, 0x0000000100000000)
  eden space 210944K, 0% used [0x00000000e0000000,0x00000000e0000000,0x00000000ece00000)
  from space 10752K, 0% used [0x00000000edf80000,0x00000000edf80000,0x00000000eea00000)
  to   space 14336K, 0% used [0x00000000ece00000,0x00000000ece00000,0x00000000edc00000)
 ParOldGen       total 145920K, used 16654K [0x00000000a0000000, 0x00000000a8e80000, 0x00000000e0000000)
  object space 145920K, 11% used [0x00000000a0000000,0x00000000a1043b90,0x00000000a8e80000)
 Metaspace       used 34533K, capacity 35378K, committed 35456K, reserved 1079296K
  class space    used 4729K, capacity 4960K, committed 4992K, reserved 1048576K
}

